<?xml version="1.0" encoding="UTF-8"?>
<!-- Generated by org.testng.reporters.JUnitXMLReporter -->
<testsuite hostname="IN00302" ignored="3" name="ClientSearch_Module_002" tests="1" failures="1" timestamp="25 Apr 2018 03:24:31 GMT" time="51.501" errors="0">
  <testcase name="ClientSearch_Module_002" time="47.271" classname="com.SSPWorldWide.Framework.Adviser.Testcases.ClientSearch_Module">
    <failure type="org.openqa.selenium.TimeoutException" message="Expected condition failed: waiting for visibility of element located by By.xpath: //div[@id=&amp;apos;Grid_Client_Personal_FixedScroll&amp;apos;]//tbody//td[1] (tried for 30 second(s) with 500 milliseconds interval)">
      <![CDATA[org.openqa.selenium.TimeoutException: Expected condition failed: waiting for visibility of element located by By.xpath: //div[@id='Grid_Client_Personal_FixedScroll']//tbody//td[1] (tried for 30 second(s) with 500 milliseconds interval)
	at org.openqa.selenium.support.ui.WebDriverWait.timeoutException(WebDriverWait.java:82)
	at org.openqa.selenium.support.ui.FluentWait.until(FluentWait.java:272)
	at com.SSPWorldWide.Framework.Adviser.Helper.CommonKeywords.getAttribute(CommonKeywords.java:402)
	at com.SSPWorldWide.Framework.Adviser.Helper.CommonKeywords.getWebelementAction(CommonKeywords.java:106)
	at com.SSPWorldWide.Framework.Adviser.ReadExcel.ReadProjectReusables.getActionSteps(ReadProjectReusables.java:122)
	at com.SSPWorldWide.Framework.Adviser.ReadExcel.TestcaseFlow.runSingleTest(TestcaseFlow.java:31)
	at com.SSPWorldWide.Framework.Adviser.Testcases.ClientSearch_Module.ClientSearch_Module_002(ClientSearch_Module.java:16)
	at java.util.concurrent.ThreadPoolExecutor.runWorker(Unknown Source)
	at java.util.concurrent.ThreadPoolExecutor$Worker.run(Unknown Source)
	at java.lang.Thread.run(Unknown Source)
Caused by: org.openqa.selenium.NoSuchElementException: Cannot locate an element using By.xpath: //div[@id='Grid_Client_Personal_FixedScroll']//tbody//td[1]
For documentation on this error, please visit: http://seleniumhq.org/exceptions/no_such_element.html
Build info: version: '3.10.0', revision: '176b4a9', time: '2018-03-02T19:03:16.397Z'
System info: host: 'IN00302', ip: '192.168.74.75', os.name: 'Windows 10', os.arch: 'amd64', os.version: '10.0', java.version: '1.8.0_161'
Driver info: driver.version: unknown
	at org.openqa.selenium.support.ui.ExpectedConditions.lambda$findElement$0(ExpectedConditions.java:896)
	at java.util.Optional.orElseThrow(Unknown Source)
	at org.openqa.selenium.support.ui.ExpectedConditions.findElement(ExpectedConditions.java:895)
	at org.openqa.selenium.support.ui.ExpectedConditions.access$000(ExpectedConditions.java:44)
	at org.openqa.selenium.support.ui.ExpectedConditions$7.apply(ExpectedConditions.java:206)
	at org.openqa.selenium.support.ui.ExpectedConditions$7.apply(ExpectedConditions.java:202)
	at org.openqa.selenium.support.ui.FluentWait.until(FluentWait.java:249)
	... 26 more
... Removed 18 stack frames]]>
    </failure>
  </testcase> <!-- ClientSearch_Module_002 -->
  <testcase name="ClientSearch_Module_003" time="0.0" classname="com.SSPWorldWide.Framework.Adviser.Testcases.ClientSearch_Module">
    <ignored/>
  </testcase> <!-- ClientSearch_Module_003 -->
  <testcase name="ClientSearch_Module_001" time="0.0" classname="com.SSPWorldWide.Framework.Adviser.Testcases.ClientSearch_Module">
    <ignored/>
  </testcase> <!-- ClientSearch_Module_001 -->
  <testcase name="ClientSearch_Module_004" time="0.0" classname="com.SSPWorldWide.Framework.Adviser.Testcases.ClientSearch_Module">
    <ignored/>
  </testcase> <!-- ClientSearch_Module_004 -->
</testsuite> <!-- ClientSearch_Module_002 -->
