<?xml version="1.0" encoding="UTF-8"?>
<!-- Generated by org.testng.reporters.JUnitXMLReporter -->
<testsuite hostname="IN00302" ignored="0" name="Example_001" tests="1" failures="1" timestamp="17 Nov 2017 08:18:40 GMT" time="34.186" errors="0">
  <testcase name="Example_001" time="21.928" classname="com.SSPWorldWide.Framework.Adviser.Testcases.Exmaple_Scenarios">
    <failure type="org.openqa.selenium.TimeoutException" message="Expected condition failed: waiting for visibility of element located by By.name: name (tried for 10 second(s) with 500 MILLISECONDS interval)">
      <![CDATA[org.openqa.selenium.TimeoutException: Expected condition failed: waiting for visibility of element located by By.name: name (tried for 10 second(s) with 500 MILLISECONDS interval)
	at org.openqa.selenium.support.ui.WebDriverWait.timeoutException(WebDriverWait.java:82)
	at org.openqa.selenium.support.ui.FluentWait.until(FluentWait.java:231)
	at com.SSPWorldWide.Framework.Adviser.Helper.CommonKeywords.waitForExpectedAndEnterText(CommonKeywords.java:356)
	at com.SSPWorldWide.Framework.Adviser.Helper.CommonKeywords.getWebelementAction(CommonKeywords.java:30)
	at com.SSPWorldWide.Framework.Adviser.ReadExcel.Read_ProjectReusables.getActionSteps1(Read_ProjectReusables.java:112)
	at com.SSPWorldWide.Framework.Adviser.ReadExcel.TestcaseFlow.runSingleTest(TestcaseFlow.java:27)
	at com.SSPWorldWide.Framework.Adviser.Testcases.Exmaple_Scenarios.Example_001(Exmaple_Scenarios.java:9)
	at com.SSPWorldWide.Framework.Adviser.Helper.DynamicSuiteFileCreator.runTestNG(DynamicSuiteFileCreator.java:209)
	at com.SSPWorldWide.Framework.Adviser.Helper.DynamicSuiteFileCreator.runSingleTestCase(DynamicSuiteFileCreator.java:216)
	at com.SSPWorldWide.Framework.Adviser.Helper.WebdriverHelper.launch(WebdriverHelper.java:193)
	at com.SSPWorldWide.Framework.Adviser.Helper.Launcher.launchAutomation(Launcher.java:29)
Caused by: org.openqa.selenium.NoSuchElementException: Cannot locate an element using By.name: name
For documentation on this error, please visit: http://seleniumhq.org/exceptions/no_such_element.html
Build info: version: '3.7.1', revision: '8a0099a', time: '2017-11-06T21:01:39.354Z'
System info: host: 'IN00302', ip: '192.168.74.75', os.name: 'Windows 10', os.arch: 'amd64', os.version: '10.0', java.version: '1.8.0_102'
Driver info: driver.version: unknown
	at org.openqa.selenium.support.ui.ExpectedConditions.lambda$findElement$0(ExpectedConditions.java:882)
	at java.util.Optional.orElseThrow(Unknown Source)
	at org.openqa.selenium.support.ui.ExpectedConditions.findElement(ExpectedConditions.java:881)
	at org.openqa.selenium.support.ui.ExpectedConditions.access$000(ExpectedConditions.java:43)
	at org.openqa.selenium.support.ui.ExpectedConditions$7.apply(ExpectedConditions.java:205)
	at org.openqa.selenium.support.ui.ExpectedConditions$7.apply(ExpectedConditions.java:201)
	at org.openqa.selenium.support.ui.FluentWait.until(FluentWait.java:208)
	... 59 more
... Removed 50 stack frames]]>
    </failure>
  </testcase> <!-- Example_001 -->
</testsuite> <!-- Example_001 -->
