<?xml version="1.0" encoding="UTF-8"?>
<!-- Generated by org.testng.reporters.JUnitXMLReporter -->
<testsuite hostname="IN00302" ignored="2" name="Client.001" tests="1" failures="1" timestamp="08 Nov 2017 05:13:38 GMT" time="62.443" errors="0">
  <testcase name="Client_001" time="29.54" classname="com.SSPWorldWide.Framework.Adviser.Testcases.Client_Module">
    <failure type="org.openqa.selenium.WebDriverException" message="Returned value cannot be converted to List&amp;lt;WebElement&amp;gt;: [org.openqa.selenium.remote.RemoteWebElement@72f0f76c -&amp;gt; unknown locator]
Build info: version: &amp;apos;3.5.3&amp;apos;, revision: &amp;apos;a88d25fe6b&amp;apos;, time: &amp;apos;2017-08-29T12:42:44.417Z&amp;apos;
System info: host: &amp;apos;IN00302&amp;apos;, ip: &amp;apos;192.168.74.75&amp;apos;, os.name: &amp;apos;Windows 10&amp;apos;, os.arch: &amp;apos;amd64&amp;apos;, os.version: &amp;apos;10.0&amp;apos;, java.version: &amp;apos;1.8.0_102&amp;apos;
Driver info: driver.version: RemoteWebDriver">
      <![CDATA[org.openqa.selenium.WebDriverException: Returned value cannot be converted to List<WebElement>: [org.openqa.selenium.remote.RemoteWebElement@72f0f76c -> unknown locator]
Build info: version: '3.5.3', revision: 'a88d25fe6b', time: '2017-08-29T12:42:44.417Z'
System info: host: 'IN00302', ip: '192.168.74.75', os.name: 'Windows 10', os.arch: 'amd64', os.version: '10.0', java.version: '1.8.0_102'
Driver info: driver.version: RemoteWebDriver
	at org.openqa.selenium.remote.RemoteWebDriver.findElements(RemoteWebDriver.java:453)
	at org.openqa.selenium.remote.RemoteWebDriver.findElementsById(RemoteWebDriver.java:466)
	at org.openqa.selenium.By$ById.findElements(By.java:210)
	at org.openqa.selenium.remote.RemoteWebDriver.findElements(RemoteWebDriver.java:404)
	at org.openqa.selenium.support.ui.ExpectedConditions.findElement(ExpectedConditions.java:882)
	at org.openqa.selenium.support.ui.ExpectedConditions.access$000(ExpectedConditions.java:44)
	at org.openqa.selenium.support.ui.ExpectedConditions$7.apply(ExpectedConditions.java:206)
	at org.openqa.selenium.support.ui.ExpectedConditions$7.apply(ExpectedConditions.java:202)
	at org.openqa.selenium.support.ui.FluentWait.until(FluentWait.java:209)
	at com.SSPWorldWide.Framework.Adviser.Helper.CommonKeywords.waitForExpectedAndEnterText(CommonKeywords.java:340)
	at com.SSPWorldWide.Framework.Adviser.Helper.CommonKeywords.getWebelementAction(CommonKeywords.java:30)
	at com.SSPWorldWide.Framework.Adviser.ReadExcel.Read_ProjectReusables.getActionSteps1(Read_ProjectReusables.java:99)
	at com.SSPWorldWide.Framework.Adviser.ReadExcel.TestcaseFlow.runSingleTest(TestcaseFlow.java:16)
	at com.SSPWorldWide.Framework.Adviser.Testcases.Client_Module.Client_001(Client_Module.java:18)
	at com.SSPWorldWide.Framework.Adviser.Helper.DynamicSuiteFileCreator.runTestNG(DynamicSuiteFileCreator.java:174)
	at com.SSPWorldWide.Framework.Adviser.Helper.DynamicSuiteFileCreator.runSingleSuite(DynamicSuiteFileCreator.java:188)
	at com.SSPWorldWide.Framework.Adviser.Helper.WebdriverHelper.launch(WebdriverHelper.java:195)
	at com.SSPWorldWide.Framework.Adviser.Helper.Launcher.launchAutomation(Launcher.java:29)
Caused by: java.lang.ClassCastException: org.openqa.selenium.remote.RemoteWebElement cannot be cast to java.util.List
	at org.openqa.selenium.remote.RemoteWebDriver.findElements(RemoteWebDriver.java:451)
	... 64 more
... Removed 47 stack frames]]>
    </failure>
  </testcase> <!-- Client_001 -->
  <testcase name="Client_002" time="0.0" classname="com.SSPWorldWide.Framework.Adviser.Testcases.Client_Module">
    <ignored/>
  </testcase> <!-- Client_002 -->
  <testcase name="Client_003" time="0.0" classname="com.SSPWorldWide.Framework.Adviser.Testcases.Client_Module">
    <ignored/>
  </testcase> <!-- Client_003 -->
</testsuite> <!-- Client.001 -->
