<?xml version="1.0" encoding="UTF-8"?>
<!-- Generated by org.testng.reporters.JUnitXMLReporter -->
<testsuite hostname="IN00302" ignored="1" name="Login_002" tests="1" failures="1" timestamp="10 Nov 2017 03:40:52 GMT" time="20.447" errors="0">
  <testcase name="Login_002" time="12.157" classname="com.SSPWorldWide.Framework.Adviser.Testcases.Login_Module">
    <failure type="org.openqa.selenium.TimeoutException" message="Expected condition failed: waiting for visibility of element located by By.cssSelector: div[class*=&amp;apos;headerTextUsername&amp;apos;] (tried for 10 second(s) with 500 MILLISECONDS interval)">
      <![CDATA[org.openqa.selenium.TimeoutException: Expected condition failed: waiting for visibility of element located by By.cssSelector: div[class*='headerTextUsername'] (tried for 10 second(s) with 500 MILLISECONDS interval)
	at org.openqa.selenium.support.ui.WebDriverWait.timeoutException(WebDriverWait.java:82)
	at org.openqa.selenium.support.ui.FluentWait.until(FluentWait.java:231)
	at com.SSPWorldWide.Framework.Adviser.Helper.CommonKeywords.getAttribute(CommonKeywords.java:232)
	at com.SSPWorldWide.Framework.Adviser.Helper.CommonKeywords.getWebelementAction(CommonKeywords.java:78)
	at com.SSPWorldWide.Framework.Adviser.ReadExcel.Read_ProjectReusables.getActionSteps1(Read_ProjectReusables.java:99)
	at com.SSPWorldWide.Framework.Adviser.ReadExcel.TestcaseFlow.runSingleTest(TestcaseFlow.java:16)
	at com.SSPWorldWide.Framework.Adviser.Testcases.Login_Module.Login_002(Login_Module.java:9)
	at com.SSPWorldWide.Framework.Adviser.Helper.DynamicSuiteFileCreator.runTestNG(DynamicSuiteFileCreator.java:209)
	at com.SSPWorldWide.Framework.Adviser.Helper.DynamicSuiteFileCreator.runRegressionSuite(DynamicSuiteFileCreator.java:233)
	at com.SSPWorldWide.Framework.Adviser.Helper.WebdriverHelper.launch(WebdriverHelper.java:183)
	at com.SSPWorldWide.Framework.Adviser.Helper.Launcher.launchAutomation(Launcher.java:29)
Caused by: org.openqa.selenium.NoSuchElementException: Cannot locate an element using By.cssSelector: div[class*='headerTextUsername']
For documentation on this error, please visit: http://seleniumhq.org/exceptions/no_such_element.html
Build info: version: '3.7.1', revision: '8a0099a', time: '2017-11-06T21:01:39.354Z'
System info: host: 'IN00302', ip: '192.168.74.75', os.name: 'Windows 10', os.arch: 'amd64', os.version: '10.0', java.version: '1.8.0_102'
Driver info: driver.version: unknown
	at org.openqa.selenium.support.ui.ExpectedConditions.lambda$findElement$0(ExpectedConditions.java:882)
	at java.util.Optional.orElseThrow(Unknown Source)
	at org.openqa.selenium.support.ui.ExpectedConditions.findElement(ExpectedConditions.java:881)
	at org.openqa.selenium.support.ui.ExpectedConditions.access$000(ExpectedConditions.java:43)
	at org.openqa.selenium.support.ui.ExpectedConditions$7.apply(ExpectedConditions.java:205)
	at org.openqa.selenium.support.ui.ExpectedConditions$7.apply(ExpectedConditions.java:201)
	at org.openqa.selenium.support.ui.FluentWait.until(FluentWait.java:208)
	... 59 more
... Removed 50 stack frames]]>
    </failure>
  </testcase> <!-- Login_002 -->
  <testcase name="Login_001" time="0.0" classname="com.SSPWorldWide.Framework.Adviser.Testcases.Login_Module">
    <ignored/>
  </testcase> <!-- Login_001 -->
</testsuite> <!-- Login_002 -->
