<?xml version="1.0" encoding="UTF-8"?>
<!-- Generated by org.testng.reporters.JUnitXMLReporter -->
<testsuite hostname="IN00302" ignored="0" name="Client.002, Client.001, Client.003" tests="3" failures="2" timestamp="08 Nov 2017 06:16:56 GMT" time="90.741" errors="0">
  <testcase name="Client_001" time="29.884" classname="com.SSPWorldWide.Framework.Adviser.Testcases.Client_Module"/>
  <testcase name="Client_002" time="9.221" classname="com.SSPWorldWide.Framework.Adviser.Testcases.Client_Module">
    <failure type="java.lang.AssertionError" message="expected [New corporate client] but found [New personal client]">
      <![CDATA[java.lang.AssertionError: expected [New corporate client] but found [New personal client]
	at com.SSPWorldWide.Framework.Adviser.Helper.CommonKeywords.getTextAndMatch(CommonKeywords.java:185)
	at com.SSPWorldWide.Framework.Adviser.Helper.CommonKeywords.getWebelementAction(CommonKeywords.java:50)
	at com.SSPWorldWide.Framework.Adviser.ReadExcel.Read_ProjectReusables.getActionSteps1(Read_ProjectReusables.java:99)
	at com.SSPWorldWide.Framework.Adviser.ReadExcel.TestcaseFlow.runSingleTest(TestcaseFlow.java:19)
	at com.SSPWorldWide.Framework.Adviser.Testcases.Client_Module.Client_002(Client_Module.java:9)
	at com.SSPWorldWide.Framework.Adviser.Helper.DynamicSuiteFileCreator.runTestNG(DynamicSuiteFileCreator.java:196)
	at com.SSPWorldWide.Framework.Adviser.Helper.DynamicSuiteFileCreator.runSingleTestCase(DynamicSuiteFileCreator.java:203)
	at com.SSPWorldWide.Framework.Adviser.Helper.WebdriverHelper.launch(WebdriverHelper.java:191)
	at com.SSPWorldWide.Framework.Adviser.Helper.Launcher.launchAutomation(Launcher.java:29)
... Removed 56 stack frames]]>
    </failure>
  </testcase> <!-- Client_002 -->
  <testcase name="Client_003" time="27.025" classname="com.SSPWorldWide.Framework.Adviser.Testcases.Client_Module">
    <failure type="org.openqa.selenium.TimeoutException" message="Expected condition failed: waiting for element to be clickable: By.xpath: (//a[contains(@href,&amp;apos;/Portal/Client/Summary&amp;apos;)])[1] (tried for 10 second(s) with 500 MILLISECONDS interval)">
      <![CDATA[org.openqa.selenium.TimeoutException: Expected condition failed: waiting for element to be clickable: By.xpath: (//a[contains(@href,'/Portal/Client/Summary')])[1] (tried for 10 second(s) with 500 MILLISECONDS interval)
	at org.openqa.selenium.support.ui.WebDriverWait.timeoutException(WebDriverWait.java:82)
	at org.openqa.selenium.support.ui.FluentWait.until(FluentWait.java:231)
	at com.SSPWorldWide.Framework.Adviser.Helper.CommonKeywords.waitForClick(CommonKeywords.java:345)
	at com.SSPWorldWide.Framework.Adviser.Helper.CommonKeywords.getWebelementAction(CommonKeywords.java:34)
	at com.SSPWorldWide.Framework.Adviser.ReadExcel.Read_ProjectReusables.getActionSteps1(Read_ProjectReusables.java:104)
	at com.SSPWorldWide.Framework.Adviser.ReadExcel.TestcaseFlow.runSingleTest(TestcaseFlow.java:19)
	at com.SSPWorldWide.Framework.Adviser.Testcases.Client_Module.Client_003(Client_Module.java:17)
	at com.SSPWorldWide.Framework.Adviser.Helper.DynamicSuiteFileCreator.runTestNG(DynamicSuiteFileCreator.java:196)
	at com.SSPWorldWide.Framework.Adviser.Helper.DynamicSuiteFileCreator.runSingleTestCase(DynamicSuiteFileCreator.java:203)
	at com.SSPWorldWide.Framework.Adviser.Helper.WebdriverHelper.launch(WebdriverHelper.java:191)
	at com.SSPWorldWide.Framework.Adviser.Helper.Launcher.launchAutomation(Launcher.java:29)
Caused by: org.openqa.selenium.NoSuchElementException: Cannot locate an element using By.xpath: (//a[contains(@href,'/Portal/Client/Summary')])[1]
For documentation on this error, please visit: http://seleniumhq.org/exceptions/no_such_element.html
Build info: version: '3.7.1', revision: '8a0099a', time: '2017-11-06T21:01:39.354Z'
System info: host: 'IN00302', ip: '192.168.74.75', os.name: 'Windows 10', os.arch: 'amd64', os.version: '10.0', java.version: '1.8.0_102'
Driver info: driver.version: unknown
	at org.openqa.selenium.support.ui.ExpectedConditions.lambda$findElement$0(ExpectedConditions.java:882)
	at java.util.Optional.orElseThrow(Unknown Source)
	at org.openqa.selenium.support.ui.ExpectedConditions.findElement(ExpectedConditions.java:881)
	at org.openqa.selenium.support.ui.ExpectedConditions.access$000(ExpectedConditions.java:43)
	at org.openqa.selenium.support.ui.ExpectedConditions$7.apply(ExpectedConditions.java:205)
	at org.openqa.selenium.support.ui.ExpectedConditions$7.apply(ExpectedConditions.java:201)
	at org.openqa.selenium.support.ui.ExpectedConditions$22.apply(ExpectedConditions.java:643)
	at org.openqa.selenium.support.ui.ExpectedConditions$22.apply(ExpectedConditions.java:640)
	at org.openqa.selenium.support.ui.FluentWait.until(FluentWait.java:208)
	... 59 more
... Removed 50 stack frames]]>
    </failure>
  </testcase> <!-- Client_003 -->
</testsuite> <!-- Client.002, Client.001, Client.003 -->
