<!DOCTYPE html PUBLIC "-//W3C//DTD XHTML 1.1//EN" "http://www.w3.org/TR/xhtml11/DTD/xhtml11.dtd">
<<<<<<< HEAD
<html xmlns="http://www.w3.org/1999/xhtml"><head><title>TestNG Report</title><style type="text/css">table {margin-bottom:10px;border-collapse:collapse;empty-cells:show}th,td {border:1px solid #009;padding:.25em .5em}th {vertical-align:bottom}td {vertical-align:top}table a {font-weight:bold}.stripe td {background-color: #E6EBF9}.num {text-align:right}.passedodd td {background-color: #3F3}.passedeven td {background-color: #0A0}.skippedodd td {background-color: #DDD}.skippedeven td {background-color: #CCC}.failedodd td,.attn {background-color: #F33}.failedeven td,.stripe .attn {background-color: #D00}.stacktrace {white-space:pre;font-family:monospace}.totop {font-size:85%;text-align:center;border-bottom:2px solid #000}</style></head><body><table><tr><th>Test</th><th># Passed</th><th># Skipped</th><th># Failed</th><th>Time (ms)</th><th>Included Groups</th><th>Excluded Groups</th></tr><tr><th colspan="7">Exmaple_Scenarios</th></tr><tr><td><a href="#t0">Example_001</a></td><td class="num">0</td><td class="num">0</td><td class="num attn">1</td><td class="num">34,186</td><td></td><td></td></tr></table><table id='summary'><thead><tr><th>Class</th><th>Method</th><th>Start</th><th>Time (ms)</th></tr></thead><tbody><tr><th colspan="4">Exmaple_Scenarios</th></tr></tbody><tbody id="t0"><tr><th colspan="4">Example_001 &#8212; failed</th></tr><tr class="failedeven"><td rowspan="1">com.SSPWorldWide.Framework.Adviser.Testcases.Exmaple_Scenarios</td><td><a href="#m0">Example_001</a></td><td rowspan="1">1510906695952</td><td rowspan="1">21928</td></tr></tbody></table><h2>Example_001</h2><h3 id="m0">com.SSPWorldWide.Framework.Adviser.Testcases.Exmaple_Scenarios#Example_001</h3><table class="result"><tr><th>Exception</th></tr><tr><td><div class="stacktrace">org.openqa.selenium.TimeoutException: Expected condition failed: waiting for visibility of element located by By.name: name (tried for 10 second(s) with 500 MILLISECONDS interval)
	at org.openqa.selenium.support.ui.WebDriverWait.timeoutException(WebDriverWait.java:82)
	at org.openqa.selenium.support.ui.FluentWait.until(FluentWait.java:231)
	at com.SSPWorldWide.Framework.Adviser.Helper.CommonKeywords.waitForExpectedAndEnterText(CommonKeywords.java:356)
	at com.SSPWorldWide.Framework.Adviser.Helper.CommonKeywords.getWebelementAction(CommonKeywords.java:30)
	at com.SSPWorldWide.Framework.Adviser.ReadExcel.Read_ProjectReusables.getActionSteps1(Read_ProjectReusables.java:112)
	at com.SSPWorldWide.Framework.Adviser.ReadExcel.TestcaseFlow.runSingleTest(TestcaseFlow.java:27)
	at com.SSPWorldWide.Framework.Adviser.Testcases.Exmaple_Scenarios.Example_001(Exmaple_Scenarios.java:9)
	at com.SSPWorldWide.Framework.Adviser.Helper.DynamicSuiteFileCreator.runTestNG(DynamicSuiteFileCreator.java:209)
	at com.SSPWorldWide.Framework.Adviser.Helper.DynamicSuiteFileCreator.runSingleTestCase(DynamicSuiteFileCreator.java:216)
	at com.SSPWorldWide.Framework.Adviser.Helper.WebdriverHelper.launch(WebdriverHelper.java:193)
	at com.SSPWorldWide.Framework.Adviser.Helper.Launcher.launchAutomation(Launcher.java:29)
Caused by: org.openqa.selenium.NoSuchElementException: Cannot locate an element using By.name: name
For documentation on this error, please visit: http://seleniumhq.org/exceptions/no_such_element.html
Build info: version: &apos;3.7.1&apos;, revision: &apos;8a0099a&apos;, time: &apos;2017-11-06T21:01:39.354Z&apos;
System info: host: &apos;IN00302&apos;, ip: &apos;192.168.74.75&apos;, os.name: &apos;Windows 10&apos;, os.arch: &apos;amd64&apos;, os.version: &apos;10.0&apos;, java.version: &apos;1.8.0_102&apos;
Driver info: driver.version: unknown
	at org.openqa.selenium.support.ui.ExpectedConditions.lambda$findElement$0(ExpectedConditions.java:882)
	at java.util.Optional.orElseThrow(Unknown Source)
	at org.openqa.selenium.support.ui.ExpectedConditions.findElement(ExpectedConditions.java:881)
	at org.openqa.selenium.support.ui.ExpectedConditions.access$000(ExpectedConditions.java:43)
	at org.openqa.selenium.support.ui.ExpectedConditions$7.apply(ExpectedConditions.java:205)
	at org.openqa.selenium.support.ui.ExpectedConditions$7.apply(ExpectedConditions.java:201)
	at org.openqa.selenium.support.ui.FluentWait.until(FluentWait.java:208)
=======
<html xmlns="http://www.w3.org/1999/xhtml"><head><title>TestNG Report</title><style type="text/css">table {margin-bottom:10px;border-collapse:collapse;empty-cells:show}th,td {border:1px solid #009;padding:.25em .5em}th {vertical-align:bottom}td {vertical-align:top}table a {font-weight:bold}.stripe td {background-color: #E6EBF9}.num {text-align:right}.passedodd td {background-color: #3F3}.passedeven td {background-color: #0A0}.skippedodd td {background-color: #DDD}.skippedeven td {background-color: #CCC}.failedodd td,.attn {background-color: #F33}.failedeven td,.stripe .attn {background-color: #D00}.stacktrace {white-space:pre;font-family:monospace}.totop {font-size:85%;text-align:center;border-bottom:2px solid #000}</style></head><body><table><tr><th>Test</th><th># Passed</th><th># Skipped</th><th># Failed</th><th>Time (ms)</th><th>Included Groups</th><th>Excluded Groups</th></tr><tr><th colspan="7">Login_TestSuite</th></tr><tr><td><a href="#t0">Login.002</a></td><td class="num">0</td><td class="num">0</td><td class="num attn">1</td><td class="num">22,535</td><td></td><td></td></tr><tr class="stripe"><td><a href="#t1">Login.001</a></td><td class="num">1</td><td class="num">0</td><td class="num">0</td><td class="num">13,989</td><td></td><td></td></tr><tr><td><a href="#t2">Login.003</a></td><td class="num">0</td><td class="num">0</td><td class="num attn">1</td><td class="num">22,172</td><td></td><td></td></tr><tr><th>Total</th><th class="num">1</th><th class="num">0</th><th class="num attn">2</th><th class="num">58,696</th><th colspan="2"></th></tr></table><table id='summary'><thead><tr><th>Class</th><th>Method</th><th>Start</th><th>Time (ms)</th></tr></thead><tbody><tr><th colspan="4">Login_TestSuite</th></tr></tbody><tbody id="t0"><tr><th colspan="4">Login.002 &#8212; failed</th></tr><tr class="failedeven"><td rowspan="1">com.SSPWorldWide.Framework.Adviser.Testcases.Login_TestSuite</td><td><a href="#m0">Login_002</a></td><td rowspan="1">1508824644647</td><td rowspan="1">14124</td></tr></tbody><tbody id="t1"><tr><th colspan="4">Login.001 &#8212; passed</th></tr><tr class="passedeven"><td rowspan="1">com.SSPWorldWide.Framework.Adviser.Testcases.Login_TestSuite</td><td><a href="#m1">Login_001</a></td><td rowspan="1">1508824667206</td><td rowspan="1">6960</td></tr></tbody><tbody id="t2"><tr><th colspan="4">Login.003 &#8212; failed</th></tr><tr class="failedeven"><td rowspan="1">com.SSPWorldWide.Framework.Adviser.Testcases.Login_TestSuite</td><td><a href="#m2">Login_003</a></td><td rowspan="1">1508824681215</td><td rowspan="1">13817</td></tr></tbody></table><h2>Login.002</h2><h3 id="m0">com.SSPWorldWide.Framework.Adviser.Testcases.Login_TestSuite#Login_002</h3><table class="result"><tr><th>Exception</th></tr><tr><td><div class="stacktrace">org.openqa.selenium.TimeoutException: Expected condition failed: waiting for visibility of element located by By.cssSelector: .headerText.headerTextLogout&gt;a (tried for 10 second(s) with 500 MILLISECONDS interval)
	at org.openqa.selenium.support.ui.WebDriverWait.timeoutException(WebDriverWait.java:80)
	at org.openqa.selenium.support.ui.FluentWait.until(FluentWait.java:232)
	at com.SSPWorldWide.Framework.Adviser.Helper.CommonKeywords.elementIsPresent(CommonKeywords.java:68)
	at com.SSPWorldWide.Framework.Adviser.Helper.CommonKeywords.getWebelementAction(CommonKeywords.java:24)
	at com.SSPWorldWide.Framework.Adviser.ReadExcel.Read_ProjectReusables.getActionSteps1(Read_ProjectReusables.java:111)
	at com.SSPWorldWide.Framework.Adviser.ReadExcel.TestcaseFlow.runSingleTest(TestcaseFlow.java:16)
	at com.SSPWorldWide.Framework.Adviser.Testcases.Login_TestSuite.Login_002(Login_TestSuite.java:9)
	at com.SSPWorldWide.Framework.Adviser.Helper.DynamicSuiteFileCreator.runTestNG(DynamicSuiteFileCreator.java:81)
	at com.SSPWorldWide.Framework.Adviser.Helper.DynamicSuiteFileCreator.runRegressionSuite(DynamicSuiteFileCreator.java:96)
	at com.SSPWorldWide.Framework.Adviser.Helper.WebdriverHelper.launch(WebdriverHelper.java:188)
	at com.SSPWorldWide.Framework.Adviser.Helper.Launcher.launchAutomation(Launcher.java:27)
Caused by: org.openqa.selenium.NoSuchElementException: Cannot locate an element using By.cssSelector: .headerText.headerTextLogout&gt;a
For documentation on this error, please visit: http://seleniumhq.org/exceptions/no_such_element.html
Build info: version: &apos;3.5.3&apos;, revision: &apos;a88d25fe6b&apos;, time: &apos;2017-08-29T12:42:44.417Z&apos;
System info: host: &apos;IN00302&apos;, ip: &apos;192.168.74.75&apos;, os.name: &apos;Windows 10&apos;, os.arch: &apos;amd64&apos;, os.version: &apos;10.0&apos;, java.version: &apos;1.8.0_102&apos;
Driver info: driver.version: unknown
	at org.openqa.selenium.support.ui.ExpectedConditions.lambda$findElement$0(ExpectedConditions.java:883)
	at java.util.Optional.orElseThrow(Unknown Source)
	at org.openqa.selenium.support.ui.ExpectedConditions.findElement(ExpectedConditions.java:882)
	at org.openqa.selenium.support.ui.ExpectedConditions.access$000(ExpectedConditions.java:44)
	at org.openqa.selenium.support.ui.ExpectedConditions$7.apply(ExpectedConditions.java:206)
	at org.openqa.selenium.support.ui.ExpectedConditions$7.apply(ExpectedConditions.java:202)
	at org.openqa.selenium.support.ui.FluentWait.until(FluentWait.java:209)
	... 59 more
... Removed 50 stack frames</div></td></tr></table><p class="totop"><a href="#summary">back to summary</a></p><h2>Login.001</h2><h3 id="m1">com.SSPWorldWide.Framework.Adviser.Testcases.Login_TestSuite#Login_001</h3><table class="result"></table><p class="totop"><a href="#summary">back to summary</a></p><h2>Login.003</h2><h3 id="m2">com.SSPWorldWide.Framework.Adviser.Testcases.Login_TestSuite#Login_003</h3><table class="result"><tr><th>Exception</th></tr><tr><td><div class="stacktrace">org.openqa.selenium.TimeoutException: Expected condition failed: waiting for visibility of element located by By.cssSelector: .headerText.headerTextLogout&gt;a (tried for 10 second(s) with 500 MILLISECONDS interval)
	at org.openqa.selenium.support.ui.WebDriverWait.timeoutException(WebDriverWait.java:80)
	at org.openqa.selenium.support.ui.FluentWait.until(FluentWait.java:232)
	at com.SSPWorldWide.Framework.Adviser.Helper.CommonKeywords.elementIsPresent(CommonKeywords.java:68)
	at com.SSPWorldWide.Framework.Adviser.Helper.CommonKeywords.getWebelementAction(CommonKeywords.java:24)
	at com.SSPWorldWide.Framework.Adviser.ReadExcel.Read_ProjectReusables.getActionSteps1(Read_ProjectReusables.java:111)
	at com.SSPWorldWide.Framework.Adviser.ReadExcel.TestcaseFlow.runSingleTest(TestcaseFlow.java:16)
	at com.SSPWorldWide.Framework.Adviser.Testcases.Login_TestSuite.Login_003(Login_TestSuite.java:17)
	at com.SSPWorldWide.Framework.Adviser.Helper.DynamicSuiteFileCreator.runTestNG(DynamicSuiteFileCreator.java:81)
	at com.SSPWorldWide.Framework.Adviser.Helper.DynamicSuiteFileCreator.runRegressionSuite(DynamicSuiteFileCreator.java:96)
	at com.SSPWorldWide.Framework.Adviser.Helper.WebdriverHelper.launch(WebdriverHelper.java:188)
	at com.SSPWorldWide.Framework.Adviser.Helper.Launcher.launchAutomation(Launcher.java:27)
Caused by: org.openqa.selenium.NoSuchElementException: Cannot locate an element using By.cssSelector: .headerText.headerTextLogout&gt;a
For documentation on this error, please visit: http://seleniumhq.org/exceptions/no_such_element.html
Build info: version: &apos;3.5.3&apos;, revision: &apos;a88d25fe6b&apos;, time: &apos;2017-08-29T12:42:44.417Z&apos;
System info: host: &apos;IN00302&apos;, ip: &apos;192.168.74.75&apos;, os.name: &apos;Windows 10&apos;, os.arch: &apos;amd64&apos;, os.version: &apos;10.0&apos;, java.version: &apos;1.8.0_102&apos;
Driver info: driver.version: unknown
	at org.openqa.selenium.support.ui.ExpectedConditions.lambda$findElement$0(ExpectedConditions.java:883)
	at java.util.Optional.orElseThrow(Unknown Source)
	at org.openqa.selenium.support.ui.ExpectedConditions.findElement(ExpectedConditions.java:882)
	at org.openqa.selenium.support.ui.ExpectedConditions.access$000(ExpectedConditions.java:44)
	at org.openqa.selenium.support.ui.ExpectedConditions$7.apply(ExpectedConditions.java:206)
	at org.openqa.selenium.support.ui.ExpectedConditions$7.apply(ExpectedConditions.java:202)
	at org.openqa.selenium.support.ui.FluentWait.until(FluentWait.java:209)
>>>>>>> origin/master
	... 59 more
... Removed 50 stack frames</div></td></tr></table><p class="totop"><a href="#summary">back to summary</a></p></body></html>