<?xml version="1.0" encoding="UTF-8"?>
<testng-results skipped="0" failed="1" ignored="1" total="2" passed="0">
  <reporter-output>
  </reporter-output>
  <suite name="Login_TestSuite" duration-ms="22618" started-at="2017-10-04T08:38:07Z" finished-at="2017-10-04T08:38:29Z">
    <groups>
    </groups>
    <test name="Login_002" duration-ms="22618" started-at="2017-10-04T08:38:07Z" finished-at="2017-10-04T08:38:29Z">
      <class name="com.SSPWorldWide.Framework.Adviser.Testcases.Login_TestSuite">
        <test-method status="PASS" signature="beforeSuite(org.testng.ITestContext)[pri:0, instance:com.SSPWorldWide.Framework.Adviser.Testcases.Login_TestSuite@305ffe9e]" name="beforeSuite" is-config="true" duration-ms="16" started-at="2017-10-04T14:08:07Z" finished-at="2017-10-04T14:08:07Z">
          <params>
            <param index="0">
              <value>
                <![CDATA[org.testng.TestRunner@13c612bd]]>
              </value>
            </param>
          </params>
          <reporter-output>
          </reporter-output>
        </test-method> <!-- beforeSuite -->
        <test-method status="PASS" signature="beforeMethod(java.lang.reflect.Method)[pri:0, instance:com.SSPWorldWide.Framework.Adviser.Testcases.Login_TestSuite@305ffe9e]" name="beforeMethod" is-config="true" duration-ms="7492" started-at="2017-10-04T14:08:07Z" finished-at="2017-10-04T14:08:14Z">
          <params>
            <param index="0">
              <value>
                <![CDATA[public static void com.SSPWorldWide.Framework.Adviser.Testcases.Login_TestSuite.Login_002() throws java.lang.Exception]]>
              </value>
            </param>
          </params>
          <reporter-output>
          </reporter-output>
        </test-method> <!-- beforeMethod -->
        <test-method status="FAIL" signature="Login_002()[pri:0, instance:com.SSPWorldWide.Framework.Adviser.Testcases.Login_TestSuite@305ffe9e]" name="Login_002" duration-ms="13783" started-at="2017-10-04T14:08:14Z" finished-at="2017-10-04T14:08:28Z">
          <exception class="org.openqa.selenium.TimeoutException">
            <message>
              <![CDATA[Expected condition failed: waiting for visibility of element located by By.cssSelector: .headerText.headerTextLogout>a (tried for 10 second(s) with 500 MILLISECONDS interval)]]>
            </message>
            <full-stacktrace>
              <![CDATA[org.openqa.selenium.TimeoutException: Expected condition failed: waiting for visibility of element located by By.cssSelector: .headerText.headerTextLogout>a (tried for 10 second(s) with 500 MILLISECONDS interval)
	at org.openqa.selenium.support.ui.WebDriverWait.timeoutException(WebDriverWait.java:80)
	at org.openqa.selenium.support.ui.FluentWait.until(FluentWait.java:232)
	at com.SSPWorldWide.Framework.Adviser.Helper.CommonKeywords.elementIsPresent(CommonKeywords.java:68)
	at com.SSPWorldWide.Framework.Adviser.Helper.CommonKeywords.getWebelementAction(CommonKeywords.java:24)
	at com.SSPWorldWide.Framework.Adviser.ReadExcel.Read_ProjectReusables.getActionSteps1(Read_ProjectReusables.java:115)
	at com.SSPWorldWide.Framework.Adviser.ReadExcel.TestcaseFlow.runSingleTest(TestcaseFlow.java:16)
	at com.SSPWorldWide.Framework.Adviser.Testcases.Login_TestSuite.Login_002(Login_TestSuite.java:9)
	at sun.reflect.NativeMethodAccessorImpl.invoke0(Native Method)
	at sun.reflect.NativeMethodAccessorImpl.invoke(NativeMethodAccessorImpl.java:62)
	at sun.reflect.DelegatingMethodAccessorImpl.invoke(DelegatingMethodAccessorImpl.java:43)
	at java.lang.reflect.Method.invoke(Method.java:498)
	at org.testng.internal.MethodInvocationHelper.invokeMethod(MethodInvocationHelper.java:108)
	at org.testng.internal.Invoker.invokeMethod(Invoker.java:661)
	at org.testng.internal.Invoker.invokeTestMethod(Invoker.java:869)
	at org.testng.internal.Invoker.invokeTestMethods(Invoker.java:1193)
	at org.testng.internal.TestMethodWorker.invokeTestMethods(TestMethodWorker.java:126)
	at org.testng.internal.TestMethodWorker.run(TestMethodWorker.java:109)
	at org.testng.TestRunner.privateRun(TestRunner.java:744)
	at org.testng.TestRunner.run(TestRunner.java:602)
	at org.testng.SuiteRunner.runTest(SuiteRunner.java:380)
	at org.testng.SuiteRunner.runSequentially(SuiteRunner.java:375)
	at org.testng.SuiteRunner.privateRun(SuiteRunner.java:340)
	at org.testng.SuiteRunner.run(SuiteRunner.java:289)
	at org.testng.SuiteRunnerWorker.runSuite(SuiteRunnerWorker.java:52)
	at org.testng.SuiteRunnerWorker.run(SuiteRunnerWorker.java:86)
	at org.testng.TestNG.runSuitesSequentially(TestNG.java:1301)
	at org.testng.TestNG.runSuitesLocally(TestNG.java:1226)
	at org.testng.TestNG.runSuites(TestNG.java:1144)
	at org.testng.TestNG.run(TestNG.java:1115)
	at com.SSPWorldWide.Framework.Adviser.Helper.DynamicSuiteFileCreator.runTestNG(DynamicSuiteFileCreator.java:85)
	at com.SSPWorldWide.Framework.Adviser.Helper.DynamicSuiteFileCreator.runSingleSuite(DynamicSuiteFileCreator.java:91)
	at com.SSPWorldWide.Framework.Adviser.Helper.WebdriverHelper.main(WebdriverHelper.java:169)
Caused by: org.openqa.selenium.NoSuchElementException: Cannot locate an element using By.cssSelector: .headerText.headerTextLogout>a
For documentation on this error, please visit: http://seleniumhq.org/exceptions/no_such_element.html
Build info: version: '3.5.3', revision: 'a88d25fe6b', time: '2017-08-29T12:42:44.417Z'
System info: host: 'IN00302', ip: '192.168.74.75', os.name: 'Windows 10', os.arch: 'amd64', os.version: '10.0', java.version: '1.8.0_102'
Driver info: driver.version: unknown
	at org.openqa.selenium.support.ui.ExpectedConditions.lambda$findElement$0(ExpectedConditions.java:883)
	at java.util.Optional.orElseThrow(Optional.java:290)
	at org.openqa.selenium.support.ui.ExpectedConditions.findElement(ExpectedConditions.java:882)
	at org.openqa.selenium.support.ui.ExpectedConditions.access$000(ExpectedConditions.java:44)
	at org.openqa.selenium.support.ui.ExpectedConditions$7.apply(ExpectedConditions.java:206)
	at org.openqa.selenium.support.ui.ExpectedConditions$7.apply(ExpectedConditions.java:202)
	at org.openqa.selenium.support.ui.FluentWait.until(FluentWait.java:209)
	... 30 more
]]>
            </full-stacktrace>
          </exception> <!-- org.openqa.selenium.TimeoutException -->
          <reporter-output>
          </reporter-output>
        </test-method> <!-- Login_002 -->
        <test-method status="PASS" signature="tearDown(org.testng.ITestResult)[pri:0, instance:com.SSPWorldWide.Framework.Adviser.Testcases.Login_TestSuite@305ffe9e]" name="tearDown" is-config="true" duration-ms="1327" started-at="2017-10-04T14:08:28Z" finished-at="2017-10-04T14:08:29Z">
          <params>
            <param index="0">
              <value>
                <![CDATA[[TestResult name=Login_002 status=FAILURE method=Login_TestSuite.Login_002()[pri:0, instance:com.SSPWorldWide.Framework.Adviser.Testcases.Login_TestSuite@305ffe9e] output={null}]]]>
              </value>
            </param>
          </params>
          <reporter-output>
          </reporter-output>
        </test-method> <!-- tearDown -->
        <test-method status="PASS" signature="afterSuite()[pri:0, instance:com.SSPWorldWide.Framework.Adviser.Testcases.Login_TestSuite@305ffe9e]" name="afterSuite" is-config="true" duration-ms="240" started-at="2017-10-04T14:08:29Z" finished-at="2017-10-04T14:08:30Z">
          <reporter-output>
          </reporter-output>
        </test-method> <!-- afterSuite -->
      </class> <!-- com.SSPWorldWide.Framework.Adviser.Testcases.Login_TestSuite -->
    </test> <!-- Login_002 -->
  </suite> <!-- Login_TestSuite -->
</testng-results>
