<?xml version="1.0" encoding="UTF-8"?>
<!-- Generated by org.testng.reporters.JUnitXMLReporter -->
<testsuite hostname="IN00302" ignored="0" name="Client_001" tests="1" failures="1" timestamp="27 Nov 2017 05:56:45 GMT" time="24.322" errors="0">
  <testcase name="Client_001" time="13.51" classname="com.VP.Framework.Adviser.Testcases.Client_TestSuite">
    <failure type="org.openqa.selenium.TimeoutException" message="Expected condition failed: waiting for visibility of element located by By.xpath: //h3[text()=&amp;apos;Registration Form&amp;apos;] (tried for 10 second(s) with 500 MILLISECONDS interval)">
      <![CDATA[org.openqa.selenium.TimeoutException: Expected condition failed: waiting for visibility of element located by By.xpath: //h3[text()='Registration Form'] (tried for 10 second(s) with 500 MILLISECONDS interval)
	at org.openqa.selenium.support.ui.WebDriverWait.timeoutException(WebDriverWait.java:82)
	at org.openqa.selenium.support.ui.FluentWait.until(FluentWait.java:231)
	at com.VP.Framework.Adviser.Helper.CommonKeywords.elementIsPresent(CommonKeywords.java:357)
	at com.VP.Framework.Adviser.Helper.CommonKeywords.getWebelementAction(CommonKeywords.java:45)
	at com.VP.Framework.Adviser.ReadExcel.ReadProjectReusables.getActionSteps1(ReadProjectReusables.java:114)
	at com.VP.Framework.Adviser.ReadExcel.TestcaseFlow.runSingleTest(TestcaseFlow.java:36)
	at com.VP.Framework.Adviser.Testcases.Client_TestSuite.Client_001(Client_TestSuite.java:9)
	at com.VP.Framework.Adviser.Helper.DynamicSuiteFileCreator.runTestNG(DynamicSuiteFileCreator.java:172)
	at com.VP.Framework.Adviser.Helper.DynamicSuiteFileCreator.runSingleSuite(DynamicSuiteFileCreator.java:188)
	at com.VP.Framework.Adviser.Helper.WebdriverHelper.launch(WebdriverHelper.java:200)
	at com.VP.Framework.Adviser.Helper.Launcher.launchAutomation(Launcher.java:32)
Caused by: org.openqa.selenium.NoSuchElementException: Cannot locate an element using By.xpath: //h3[text()='Registration Form']
For documentation on this error, please visit: http://seleniumhq.org/exceptions/no_such_element.html
Build info: version: '3.7.1', revision: '8a0099a', time: '2017-11-06T21:01:39.354Z'
System info: host: 'IN00302', ip: '192.168.74.75', os.name: 'Windows 10', os.arch: 'amd64', os.version: '10.0', java.version: '1.8.0_102'
Driver info: driver.version: unknown
	at org.openqa.selenium.support.ui.ExpectedConditions.lambda$findElement$0(ExpectedConditions.java:882)
	at java.util.Optional.orElseThrow(Optional.java:290)
	at org.openqa.selenium.support.ui.ExpectedConditions.findElement(ExpectedConditions.java:881)
	at org.openqa.selenium.support.ui.ExpectedConditions.access$000(ExpectedConditions.java:43)
	at org.openqa.selenium.support.ui.ExpectedConditions$7.apply(ExpectedConditions.java:205)
	at org.openqa.selenium.support.ui.ExpectedConditions$7.apply(ExpectedConditions.java:201)
	at org.openqa.selenium.support.ui.FluentWait.until(FluentWait.java:208)
	... 59 more
... Removed 50 stack frames]]>
    </failure>
  </testcase> <!-- Client_001 -->
</testsuite> <!-- Client_001 -->
